<?xml version="1.0" encoding="UTF-8"?>
<!-- Generated by org.testng.reporters.JUnitXMLReporter -->
<testsuite ignored="3" hostname="AVNRED666-PC" failures="0" tests="3" name="Testing Alerts and Popups" time="11.043" errors="0" timestamp="2021-12-15T10:39:58 IST">
  <testcase classname="alerts.AlertsTests" name="testJSAlert" time="0.39"/>
  <testcase classname="alerts.AlertsTests" name="testJSConfirm" time="0.382"/>
  <testcase classname="alerts.FileUploadTests" name="testFileUpload" time="6.054"/>
  <testcase classname="alerts.AlertsTests" name="testJSPrompt" time="0.0">
    <ignored/>
  </testcase> <!-- testJSPrompt -->
  <testcase classname="base.BaseTests" name="@BeforeSuite setUp" time="0.0">
    <ignored/>
  </testcase> <!-- @BeforeSuite setUp -->
  <testcase classname="base.BaseTests" name="@AfterSuite tearDown" time="0.0">
    <ignored/>
  </testcase> <!-- @AfterSuite tearDown -->
</testsuite> <!-- Testing Alerts and Popups -->
