<?xml version="1.0" encoding="UTF-8"?>
<testsuite xmlns:xsi="http://www.w3.org/2001/XMLSchema-instance" xsi:noNamespaceSchemaLocation="https://maven.apache.org/surefire/maven-surefire-plugin/xsd/surefire-test-report-3.0.xsd" version="3.0" name="TestSuite" time="0.387" tests="22" errors="0" skipped="17" failures="5">
  <properties>
[...]
</properties>
  <testcase name="openBrowser[Firefox](0)" classname="alerts.AlertsTests" time="0.263">
    <failure message="Cannot invoke &quot;org.openqa.selenium.WebDriver.get(String)&quot; because &quot;this.driver&quot; is null" type="java.lang.NullPointerException"><![CDATA[java.lang.NullPointerException: Cannot invoke "org.openqa.selenium.WebDriver.get(String)" because "this.driver" is null
]]></failure>
  </testcase>
  <testcase name="testJSAlert" classname="alerts.AlertsTests" time="0">
    <skipped message="Cannot invoke &quot;org.openqa.selenium.WebDriver.get(String)&quot; because &quot;this.driver&quot; is null"/>
  </testcase>
  <testcase name="closeBrowser" classname="alerts.AlertsTests" time="0">
    <skipped/>
  </testcase>
  <testcase name="recordScreenshot" classname="alerts.AlertsTests" time="0">
    <skipped/>
  </testcase>
  <testcase name="testJSConfirm" classname="alerts.AlertsTests" time="0">
    <skipped message="Method AlertsTests.testJSConfirm()[pri:0, instance:alerts.AlertsTests@70e8f8e] depends on not successfully finished methods"/>
  </testcase>
  <testcase name="tearDown" classname="alerts.AlertsTests" time="0.031">
    <failure message="Cannot invoke &quot;org.openqa.selenium.WebDriver.quit()&quot; because &quot;this.driver&quot; is null" type="java.lang.NullPointerException"><![CDATA[java.lang.NullPointerException: Cannot invoke "org.openqa.selenium.WebDriver.quit()" because "this.driver" is null
]]></failure>
  </testcase>
  <testcase name="openBrowser[Firefox](0)" classname="alerts.FileUploadTests" time="0.263">
    <failure message="Cannot invoke &quot;org.openqa.selenium.WebDriver.get(String)&quot; because &quot;this.driver&quot; is null" type="java.lang.NullPointerException"><![CDATA[java.lang.NullPointerException: Cannot invoke "org.openqa.selenium.WebDriver.get(String)" because "this.driver" is null
]]></failure>
  </testcase>
  <testcase name="testFileUpload" classname="alerts.FileUploadTests" time="0">
    <skipped message="Cannot invoke &quot;org.openqa.selenium.WebDriver.get(String)&quot; because &quot;this.driver&quot; is null"/>
  </testcase>
  <testcase name="closeBrowser" classname="alerts.FileUploadTests" time="0">
    <skipped/>
  </testcase>
  <testcase name="recordScreenshot" classname="alerts.FileUploadTests" time="0">
    <skipped/>
  </testcase>
  <testcase name="openBrowser[Firefox](0)" classname="dropdown.DropdownTests" time="0.002">
    <failure message="Cannot invoke &quot;org.openqa.selenium.WebDriver.get(String)&quot; because &quot;this.driver&quot; is null" type="java.lang.NullPointerException"><![CDATA[java.lang.NullPointerException: Cannot invoke "org.openqa.selenium.WebDriver.get(String)" because "this.driver" is null
]]></failure>
  </testcase>
  <testcase name="testDropdownSelectedOption" classname="dropdown.DropdownTests" time="0">
    <skipped message="Cannot invoke &quot;org.openqa.selenium.WebDriver.get(String)&quot; because &quot;this.driver&quot; is null"/>
  </testcase>
  <testcase name="closeBrowser" classname="dropdown.DropdownTests" time="0">
    <skipped/>
  </testcase>
  <testcase name="closeBrowser" classname="dropdown.DropdownTests" time="0">
    <skipped/>
  </testcase>
  <testcase name="recordScreenshot" classname="dropdown.DropdownTests" time="0">
    <skipped/>
  </testcase>
  <testcase name="recordScreenshot" classname="dropdown.DropdownTests" time="0">
    <skipped/>
  </testcase>
  <testcase name="openBrowser" classname="dropdown.DropdownTests" time="0">
    <skipped/>
  </testcase>
  <testcase name="testDropdownMultiSelect" classname="dropdown.DropdownTests" time="0">
    <skipped message="Cannot invoke &quot;org.openqa.selenium.WebDriver.get(String)&quot; because &quot;this.driver&quot; is null"/>
  </testcase>
  <testcase name="openBrowser[Firefox](0)" classname="login.LoginTests" time="0.002">
    <failure message="Cannot invoke &quot;org.openqa.selenium.WebDriver.get(String)&quot; because &quot;this.driver&quot; is null" type="java.lang.NullPointerException"><![CDATA[java.lang.NullPointerException: Cannot invoke "org.openqa.selenium.WebDriver.get(String)" because "this.driver" is null
]]></failure>
  </testcase>
  <testcase name="testSuccessfulLogin[tomsmith, SuperSecretPassword!](1)" classname="login.LoginTests" time="0">
    <skipped message="Cannot invoke &quot;org.openqa.selenium.WebDriver.get(String)&quot; because &quot;this.driver&quot; is null"/>
  </testcase>
  <testcase name="closeBrowser" classname="login.LoginTests" time="0">
    <skipped/>
  </testcase>
  <testcase name="recordScreenshot" classname="login.LoginTests" time="0">
    <skipped/>
  </testcase>
</testsuite>