<?xml version="1.0" encoding="UTF-8"?>
<testng-results ignored="7" total="13" passed="6" failed="0" skipped="0">
  <reporter-output>
  </reporter-output>
  <suite started-at="2021-12-15T22:09:59 IST" name="Test Automation University Suite" finished-at="2021-12-15T22:10:20 IST" duration-ms="21644">
    <groups>
    </groups>
    <test started-at="2021-12-15T22:09:59 IST" name="Testing Alerts and Popups" finished-at="2021-12-15T22:10:20 IST" duration-ms="21644">
      <class name="dropdown.DropdownTests">
        <test-method is-config="true" signature="openBrowser()[pri:0, instance:dropdown.DropdownTests@5bd03f44]" started-at="2021-12-15T22:10:05 IST" name="openBrowser" finished-at="2021-12-15T22:10:09 IST" duration-ms="4516" status="PASS">
          <reporter-output>
          </reporter-output>
        </test-method> <!-- openBrowser -->
        <test-method signature="testDropdownSelectedOption()[pri:0, instance:dropdown.DropdownTests@5bd03f44]" started-at="2021-12-15T22:10:09 IST" name="testDropdownSelectedOption" finished-at="2021-12-15T22:10:10 IST" duration-ms="458" status="PASS">
          <reporter-output>
          </reporter-output>
        </test-method> <!-- testDropdownSelectedOption -->
        <test-method is-config="true" signature="recordScreenshotandQuit(org.testng.ITestResult)[pri:0, instance:dropdown.DropdownTests@5bd03f44]" started-at="2021-12-15T22:10:10 IST" name="recordScreenshotandQuit" finished-at="2021-12-15T22:10:10 IST" duration-ms="579" status="PASS">
          <params>
            <param index="0">
              <value>
                <![CDATA[[TestResult name=testDropdownSelectedOption status=SUCCESS method=DropdownTests.testDropdownSelectedOption()[pri:0, instance:dropdown.DropdownTests@5bd03f44] output={null}]]]>
              </value>
            </param>
          </params>
          <reporter-output>
          </reporter-output>
        </test-method> <!-- recordScreenshotandQuit -->
        <test-method is-config="true" signature="openBrowser()[pri:0, instance:dropdown.DropdownTests@5bd03f44]" started-at="2021-12-15T22:10:10 IST" name="openBrowser" finished-at="2021-12-15T22:10:15 IST" duration-ms="4190" status="PASS">
          <reporter-output>
          </reporter-output>
        </test-method> <!-- openBrowser -->
        <test-method signature="testDropdownMultiSelect()[pri:0, instance:dropdown.DropdownTests@5bd03f44]" started-at="2021-12-15T22:10:15 IST" name="testDropdownMultiSelect" finished-at="2021-12-15T22:10:15 IST" duration-ms="511" status="PASS">
          <reporter-output>
          </reporter-output>
        </test-method> <!-- testDropdownMultiSelect -->
        <test-method is-config="true" signature="recordScreenshotandQuit(org.testng.ITestResult)[pri:0, instance:dropdown.DropdownTests@5bd03f44]" started-at="2021-12-15T22:10:15 IST" name="recordScreenshotandQuit" finished-at="2021-12-15T22:10:16 IST" duration-ms="566" status="PASS">
          <params>
            <param index="0">
              <value>
                <![CDATA[[TestResult name=testDropdownMultiSelect status=SUCCESS method=DropdownTests.testDropdownMultiSelect()[pri:0, instance:dropdown.DropdownTests@5bd03f44] output={null}]]]>
              </value>
            </param>
          </params>
          <reporter-output>
          </reporter-output>
        </test-method> <!-- recordScreenshotandQuit -->
      </class> <!-- dropdown.DropdownTests -->
      <class name="login.LoginTests">
        <test-method is-config="true" signature="openBrowser()[pri:0, instance:login.LoginTests@29626d54]" started-at="2021-12-15T22:10:09 IST" name="openBrowser" finished-at="2021-12-15T22:10:13 IST" duration-ms="4132" status="PASS">
          <reporter-output>
          </reporter-output>
        </test-method> <!-- openBrowser -->
        <test-method signature="testSuccessfulLogin(java.lang.String,java.lang.String)[pri:0, instance:login.LoginTests@29626d54]" started-at="2021-12-15T22:10:13 IST" name="testSuccessfulLogin" data-provider="signin-provider" finished-at="2021-12-15T22:10:14 IST" duration-ms="1421" status="PASS">
          <params>
            <param index="0">
              <value>
                <![CDATA[tomsmith]]>
              </value>
            </param>
            <param index="1">
              <value>
                <![CDATA[SuperSecretPassword!]]>
              </value>
            </param>
          </params>
          <reporter-output>
          </reporter-output>
        </test-method> <!-- testSuccessfulLogin -->
        <test-method is-config="true" signature="recordScreenshotandQuit(org.testng.ITestResult)[pri:0, instance:login.LoginTests@29626d54]" started-at="2021-12-15T22:10:14 IST" name="recordScreenshotandQuit" finished-at="2021-12-15T22:10:15 IST" duration-ms="573" status="PASS">
          <params>
            <param index="0">
              <value>
                <![CDATA[[TestResult name=testSuccessfulLogin status=SUCCESS method=LoginTests.testSuccessfulLogin(java.lang.String,java.lang.String)[pri:0, instance:login.LoginTests@29626d54] output={null}]]]>
              </value>
            </param>
          </params>
          <reporter-output>
          </reporter-output>
        </test-method> <!-- recordScreenshotandQuit -->
      </class> <!-- login.LoginTests -->
      <class name="alerts.AlertsTests">
        <test-method is-config="true" signature="setUp()[pri:0, instance:alerts.AlertsTests@3e2e18f2]" started-at="2021-12-15T22:09:59 IST" name="setUp" finished-at="2021-12-15T22:09:59 IST" duration-ms="5" status="PASS">
          <reporter-output>
          </reporter-output>
        </test-method> <!-- setUp -->
        <test-method is-config="true" signature="openBrowser()[pri:0, instance:alerts.AlertsTests@3e2e18f2]" started-at="2021-12-15T22:09:59 IST" name="openBrowser" finished-at="2021-12-15T22:10:04 IST" duration-ms="5261" status="PASS">
          <reporter-output>
          </reporter-output>
        </test-method> <!-- openBrowser -->
        <test-method signature="testJSAlert()[pri:0, instance:alerts.AlertsTests@3e2e18f2]" started-at="2021-12-15T22:10:04 IST" name="testJSAlert" finished-at="2021-12-15T22:10:04 IST" duration-ms="381" status="PASS">
          <reporter-output>
          </reporter-output>
        </test-method> <!-- testJSAlert -->
        <test-method is-config="true" signature="recordScreenshotandQuit(org.testng.ITestResult)[pri:0, instance:alerts.AlertsTests@3e2e18f2]" started-at="2021-12-15T22:10:04 IST" name="recordScreenshotandQuit" finished-at="2021-12-15T22:10:05 IST" duration-ms="564" status="PASS">
          <params>
            <param index="0">
              <value>
                <![CDATA[[TestResult name=testJSAlert status=SUCCESS method=AlertsTests.testJSAlert()[pri:0, instance:alerts.AlertsTests@3e2e18f2] output={null}]]]>
              </value>
            </param>
          </params>
          <reporter-output>
          </reporter-output>
        </test-method> <!-- recordScreenshotandQuit -->
        <test-method is-config="true" signature="openBrowser()[pri:0, instance:alerts.AlertsTests@3e2e18f2]" started-at="2021-12-15T22:10:15 IST" name="openBrowser" finished-at="2021-12-15T22:10:19 IST" duration-ms="4356" status="PASS">
          <reporter-output>
          </reporter-output>
        </test-method> <!-- openBrowser -->
        <test-method signature="testJSConfirm()[pri:0, instance:alerts.AlertsTests@3e2e18f2]" started-at="2021-12-15T22:10:19 IST" name="testJSConfirm" finished-at="2021-12-15T22:10:20 IST" depends-on-methods="alerts.AlertsTests.testJSAlert" duration-ms="358" status="PASS">
          <reporter-output>
          </reporter-output>
        </test-method> <!-- testJSConfirm -->
        <test-method is-config="true" signature="recordScreenshotandQuit(org.testng.ITestResult)[pri:0, instance:alerts.AlertsTests@3e2e18f2]" started-at="2021-12-15T22:10:20 IST" name="recordScreenshotandQuit" finished-at="2021-12-15T22:10:20 IST" duration-ms="572" status="PASS">
          <params>
            <param index="0">
              <value>
                <![CDATA[[TestResult name=testJSConfirm status=SUCCESS method=AlertsTests.testJSConfirm()[pri:0, instance:alerts.AlertsTests@3e2e18f2] output={null}]]]>
              </value>
            </param>
          </params>
          <reporter-output>
          </reporter-output>
        </test-method> <!-- recordScreenshotandQuit -->
        <test-method is-config="true" signature="tearDown()[pri:0, instance:alerts.AlertsTests@3e2e18f2]" started-at="2021-12-15T22:10:20 IST" name="tearDown" finished-at="2021-12-15T22:10:20 IST" duration-ms="0" status="PASS">
          <reporter-output>
          </reporter-output>
        </test-method> <!-- tearDown -->
      </class> <!-- alerts.AlertsTests -->
      <class name="alerts.FileUploadTests">
        <test-method is-config="true" signature="openBrowser()[pri:0, instance:alerts.FileUploadTests@17046283]" started-at="2021-12-15T22:09:59 IST" name="openBrowser" finished-at="2021-12-15T22:10:04 IST" duration-ms="5227" status="PASS">
          <reporter-output>
          </reporter-output>
        </test-method> <!-- openBrowser -->
        <test-method signature="testFileUpload()[pri:0, instance:alerts.FileUploadTests@17046283]" started-at="2021-12-15T22:10:04 IST" name="testFileUpload" finished-at="2021-12-15T22:10:08 IST" duration-ms="4415" status="PASS">
          <reporter-output>
          </reporter-output>
        </test-method> <!-- testFileUpload -->
        <test-method is-config="true" signature="recordScreenshotandQuit(org.testng.ITestResult)[pri:0, instance:alerts.FileUploadTests@17046283]" started-at="2021-12-15T22:10:08 IST" name="recordScreenshotandQuit" finished-at="2021-12-15T22:10:09 IST" duration-ms="567" status="PASS">
          <params>
            <param index="0">
              <value>
                <![CDATA[[TestResult name=testFileUpload status=SUCCESS method=FileUploadTests.testFileUpload()[pri:0, instance:alerts.FileUploadTests@17046283] output={null}]]]>
              </value>
            </param>
          </params>
          <reporter-output>
          </reporter-output>
        </test-method> <!-- recordScreenshotandQuit -->
      </class> <!-- alerts.FileUploadTests -->
    </test> <!-- Testing Alerts and Popups -->
  </suite> <!-- Test Automation University Suite -->
</testng-results>
